2019-11-28 20:22:34,285  INFO  Ура заработало!
2019-11-28 20:22:34,285  INFO  Ура заработало!
2019-11-28 20:25:26,461  INFO  Ура заработало!
2019-11-28 20:25:26,461  INFO  Ура заработало!
2019-11-28 20:25:36,561  INFO  Группы выведены!
2019-11-28 20:25:36,561  INFO  Группы выведены!
2019-11-28 20:25:39,469  INFO  Пользователи выведены (погулять:))!
2019-11-28 20:25:39,469  INFO  Пользователи выведены (погулять:))!
2019-11-28 20:25:40,992  INFO  Дисциплины выведены!
2019-11-28 20:25:40,992  INFO  Дисциплины выведены!
2019-11-28 20:25:42,611  INFO  Занятия выведены!
2019-11-28 20:25:42,611  INFO  Занятия выведены!
2019-11-28 23:44:49,372  INFO  Ура заработало!
2019-11-28 23:44:49,372  INFO  Ура заработало!
2019-11-28 23:45:07,980  INFO  Пользователи выведены (погулять:))!
2019-11-28 23:45:07,980  INFO  Пользователи выведены (погулять:))!
2019-11-28 23:48:39,039  INFO  Ура заработало!
2019-11-28 23:48:39,039  INFO  Ура заработало!
2019-11-28 23:48:46,555  INFO  Пользователи выведены (погулять:))!
2019-11-28 23:48:46,555  INFO  Пользователи выведены (погулять:))!
2019-11-28 23:51:01,611  INFO  Ура заработало!
2019-11-28 23:51:01,611  INFO  Ура заработало!
2019-11-28 23:51:15,011  INFO  Пользователи выведены (погулять:))!
2019-11-28 23:51:15,011  INFO  Пользователи выведены (погулять:))!
2019-11-28 23:52:55,767  INFO  Ура заработало!
2019-11-28 23:52:55,767  INFO  Ура заработало!
2019-11-28 23:53:11,190  INFO  Пользователи выведены (погулять:))!
2019-11-28 23:53:11,190  INFO  Пользователи выведены (погулять:))!
2019-11-28 23:53:15,468  INFO  Группы выведены!
2019-11-28 23:53:15,468  INFO  Группы выведены!
2019-11-28 23:53:16,999  INFO  Пользователи выведены (погулять:))!
2019-11-28 23:53:16,999  INFO  Пользователи выведены (погулять:))!
2019-11-28 23:53:18,745  INFO  Группы выведены!
2019-11-28 23:53:18,745  INFO  Группы выведены!
2019-11-28 23:53:20,603  INFO  Пользователи выведены (погулять:))!
2019-11-28 23:53:20,603  INFO  Пользователи выведены (погулять:))!
2019-11-28 23:53:23,015  INFO  Группы выведены!
2019-11-28 23:53:23,015  INFO  Группы выведены!
2019-11-28 23:59:51,786  INFO  Ура заработало!
2019-11-28 23:59:51,786  INFO  Ура заработало!
2019-11-29 00:00:03,778  INFO  Пользователи выведены (погулять:))!
2019-11-29 00:00:03,778  INFO  Пользователи выведены (погулять:))!
2019-11-29 00:03:11,782  INFO  Ура заработало!
2019-11-29 00:03:11,782  INFO  Ура заработало!
2019-11-29 00:03:24,681  INFO  Пользователи выведены (погулять:))!
2019-11-29 00:03:24,681  INFO  Пользователи выведены (погулять:))!
2019-11-29 00:04:45,549  INFO  Ура заработало!
2019-11-29 00:04:45,549  INFO  Ура заработало!
2019-11-29 00:05:13,508  INFO  Пользователи выведены (погулять:))!
2019-11-29 00:05:13,508  INFO  Пользователи выведены (погулять:))!
2019-11-29 09:07:54,503  INFO  Ура заработало!
2019-11-29 09:07:54,503  INFO  Ура заработало!
2019-11-29 09:08:40,208  INFO  Пользователи выведены (погулять:))!
2019-11-29 09:08:40,208  INFO  Пользователи выведены (погулять:))!
2019-11-29 09:10:07,012  INFO  Группы выведены!
2019-11-29 09:10:07,012  INFO  Группы выведены!
2019-11-29 09:10:09,722  INFO  Дисциплины выведены!
2019-11-29 09:10:09,722  INFO  Дисциплины выведены!
2019-11-29 09:10:11,453  INFO  Ура заработало!
2019-11-29 09:10:11,453  INFO  Ура заработало!
2019-11-29 09:23:20,927  INFO  Пользователи выведены (погулять:))!
2019-11-29 09:23:20,927  INFO  Пользователи выведены (погулять:))!
2019-12-01 20:40:06,075  INFO  Ура заработало!
2019-12-01 20:40:06,075  INFO  Ура заработало!
